<?xml version="1.0" encoding="UTF-8" ?>
<testsuite tests="5" failures="0" name="com.domain.service.CartTest" time="0.012" errors="0" skipped="0">
  <properties>
[...]
</properties>
  <testcase classname="com.domain.service.CartTest" name="testEmptyCart" time="0.002"/>
  <testcase classname="com.domain.service.CartTest" name="testCalculateFinalPrice" time="0.002"/>
  <testcase classname="com.domain.service.CartTest" name="testCatchEmptyListOnAddException" time="0.008"/>
  <testcase classname="com.domain.service.CartTest" name="testCalculateMarkedPrice" time="0"/>
  <testcase classname="com.domain.service.CartTest" name="testCreateBasket" time="0"/>
</testsuite>